[debug] [2025-10-22T15:28:22.039Z] ----------------------------------------------------------------------
[debug] [2025-10-22T15:28:22.046Z] Command:       /nix/store/ws50yvm6vzlzf7jzz6n7xh4szddrack1-nodejs-20.19.1/bin/node /nix/store/i78h9v2gl6qg2w9646hi06syn3hbv4kj-firebase-tools-14.19.1/lib/node_modules/firebase-tools/lib/bin/firebase.js deploy --only functions
[debug] [2025-10-22T15:28:22.047Z] CLI Version:   14.19.1
[debug] [2025-10-22T15:28:22.047Z] Platform:      linux
[debug] [2025-10-22T15:28:22.048Z] Node Version:  v20.19.1
[debug] [2025-10-22T15:28:22.049Z] Time:          Wed Oct 22 2025 15:28:22 GMT+0000 (Coordinated Universal Time)
[debug] [2025-10-22T15:28:22.049Z] ----------------------------------------------------------------------
[debug] 
[debug] [2025-10-22T15:28:22.732Z] No OAuth tokens found
[debug] [2025-10-22T15:28:22.733Z] No OAuth tokens found
[error] Failed to fetch Firebase Project from current Studio Workspace: Unable to refresh auth: not yet authenticated.
[debug] [2025-10-22T15:28:22.744Z] > command requires scopes: ["email","openid","https://www.googleapis.com/auth/cloudplatformprojects.readonly","https://www.googleapis.com/auth/firebase","https://www.googleapis.com/auth/cloud-platform","https://www.googleapis.com/auth/userinfo.email"]
[debug] [2025-10-22T15:28:22.745Z] > authorizing via signed-in user (drr@eganco.com)
[debug] [2025-10-22T15:28:22.745Z] [iam] checking project lunchinator3000 for permissions ["cloudfunctions.functions.create","cloudfunctions.functions.delete","cloudfunctions.functions.get","cloudfunctions.functions.list","cloudfunctions.functions.update","cloudfunctions.operations.get","firebase.projects.get"]
[debug] [2025-10-22T15:28:22.746Z] No OAuth tokens found
[debug] [2025-10-22T15:28:22.746Z] No OAuth tokens found
[debug] [2025-10-22T15:28:22.746Z] > command requires scopes: ["email","openid","https://www.googleapis.com/auth/cloudplatformprojects.readonly","https://www.googleapis.com/auth/firebase","https://www.googleapis.com/auth/cloud-platform","https://www.googleapis.com/auth/userinfo.email"]
[debug] [2025-10-22T15:28:22.747Z] > authorizing via signed-in user (drr@eganco.com)
[debug] [2025-10-22T15:28:22.749Z] >>> [apiv2][query] POST https://cloudresourcemanager.googleapis.com/v1/projects/lunchinator3000:testIamPermissions [none]
[debug] [2025-10-22T15:28:22.749Z] >>> [apiv2][(partial)header] POST https://cloudresourcemanager.googleapis.com/v1/projects/lunchinator3000:testIamPermissions x-goog-quota-user=projects/lunchinator3000
[debug] [2025-10-22T15:28:22.749Z] >>> [apiv2][body] POST https://cloudresourcemanager.googleapis.com/v1/projects/lunchinator3000:testIamPermissions {"permissions":["cloudfunctions.functions.create","cloudfunctions.functions.delete","cloudfunctions.functions.get","cloudfunctions.functions.list","cloudfunctions.functions.update","cloudfunctions.operations.get","firebase.projects.get"]}
[debug] [2025-10-22T15:28:22.978Z] <<< [apiv2][status] POST https://cloudresourcemanager.googleapis.com/v1/projects/lunchinator3000:testIamPermissions 200
[debug] [2025-10-22T15:28:22.980Z] <<< [apiv2][body] POST https://cloudresourcemanager.googleapis.com/v1/projects/lunchinator3000:testIamPermissions {"permissions":["cloudfunctions.functions.create","cloudfunctions.functions.delete","cloudfunctions.functions.get","cloudfunctions.functions.list","cloudfunctions.functions.update","cloudfunctions.operations.get","firebase.projects.get"]}
[debug] [2025-10-22T15:28:22.981Z] No OAuth tokens found
[debug] [2025-10-22T15:28:22.981Z] No OAuth tokens found
[debug] [2025-10-22T15:28:22.982Z] > command requires scopes: ["email","openid","https://www.googleapis.com/auth/cloudplatformprojects.readonly","https://www.googleapis.com/auth/firebase","https://www.googleapis.com/auth/cloud-platform","https://www.googleapis.com/auth/userinfo.email"]
[debug] [2025-10-22T15:28:22.982Z] > authorizing via signed-in user (drr@eganco.com)
[debug] [2025-10-22T15:28:22.982Z] >>> [apiv2][query] POST https://iam.googleapis.com/v1/projects/lunchinator3000/serviceAccounts/lunchinator3000@appspot.gserviceaccount.com:testIamPermissions [none]
[debug] [2025-10-22T15:28:22.982Z] >>> [apiv2][body] POST https://iam.googleapis.com/v1/projects/lunchinator3000/serviceAccounts/lunchinator3000@appspot.gserviceaccount.com:testIamPermissions {"permissions":["iam.serviceAccounts.actAs"]}
[debug] [2025-10-22T15:28:23.069Z] <<< [apiv2][status] POST https://iam.googleapis.com/v1/projects/lunchinator3000/serviceAccounts/lunchinator3000@appspot.gserviceaccount.com:testIamPermissions 200
[debug] [2025-10-22T15:28:23.069Z] <<< [apiv2][body] POST https://iam.googleapis.com/v1/projects/lunchinator3000/serviceAccounts/lunchinator3000@appspot.gserviceaccount.com:testIamPermissions {"permissions":["iam.serviceAccounts.actAs"]}
[info] 
[info] === Deploying to 'lunchinator3000'...
[info] 
[info] i  deploying functions 
[debug] [2025-10-22T15:28:23.076Z] No OAuth tokens found
[debug] [2025-10-22T15:28:23.077Z] No OAuth tokens found
[debug] [2025-10-22T15:28:23.077Z] > command requires scopes: ["email","openid","https://www.googleapis.com/auth/cloudplatformprojects.readonly","https://www.googleapis.com/auth/firebase","https://www.googleapis.com/auth/cloud-platform","https://www.googleapis.com/auth/userinfo.email"]
[debug] [2025-10-22T15:28:23.077Z] > authorizing via signed-in user (drr@eganco.com)
[debug] [2025-10-22T15:28:23.077Z] >>> [apiv2][query] GET https://cloudresourcemanager.googleapis.com/v1/projects/lunchinator3000 [none]
[debug] [2025-10-22T15:28:23.141Z] <<< [apiv2][status] GET https://cloudresourcemanager.googleapis.com/v1/projects/lunchinator3000 200
[debug] [2025-10-22T15:28:23.142Z] <<< [apiv2][body] GET https://cloudresourcemanager.googleapis.com/v1/projects/lunchinator3000 {"projectNumber":"919461112233","projectId":"lunchinator3000","lifecycleState":"ACTIVE","name":"Lunchinator3000","labels":{"firebase":"enabled","firebase-core":"disabled"},"createTime":"2025-10-22T12:24:38.986778Z","parent":{"type":"organization","id":"385468020613"}}
[info] i  functions: preparing codebase default for deployment 
[info] i  functions: ensuring required API cloudfunctions.googleapis.com is enabled... 
[info] i  functions: ensuring required API cloudbuild.googleapis.com is enabled... 
[info] i  artifactregistry: ensuring required API artifactregistry.googleapis.com is enabled... 
[debug] [2025-10-22T15:28:23.148Z] No OAuth tokens found
[debug] [2025-10-22T15:28:23.148Z] No OAuth tokens found
[debug] [2025-10-22T15:28:23.148Z] > command requires scopes: ["email","openid","https://www.googleapis.com/auth/cloudplatformprojects.readonly","https://www.googleapis.com/auth/firebase","https://www.googleapis.com/auth/cloud-platform","https://www.googleapis.com/auth/userinfo.email"]
[debug] [2025-10-22T15:28:23.149Z] > authorizing via signed-in user (drr@eganco.com)
[debug] [2025-10-22T15:28:23.149Z] >>> [apiv2][query] GET https://firebase.googleapis.com/v1beta1/projects/lunchinator3000/adminSdkConfig [none]
[debug] [2025-10-22T15:28:23.387Z] <<< [apiv2][status] GET https://firebase.googleapis.com/v1beta1/projects/lunchinator3000/adminSdkConfig 200
[debug] [2025-10-22T15:28:23.387Z] <<< [apiv2][body] GET https://firebase.googleapis.com/v1beta1/projects/lunchinator3000/adminSdkConfig {"projectId":"lunchinator3000","storageBucket":"lunchinator3000.firebasestorage.app"}
[debug] [2025-10-22T15:28:23.388Z] No OAuth tokens found
[debug] [2025-10-22T15:28:23.388Z] No OAuth tokens found
[debug] [2025-10-22T15:28:23.388Z] > command requires scopes: ["email","openid","https://www.googleapis.com/auth/cloudplatformprojects.readonly","https://www.googleapis.com/auth/firebase","https://www.googleapis.com/auth/cloud-platform","https://www.googleapis.com/auth/userinfo.email"]
[debug] [2025-10-22T15:28:23.388Z] > authorizing via signed-in user (drr@eganco.com)
[debug] [2025-10-22T15:28:23.389Z] >>> [apiv2][query] GET https://runtimeconfig.googleapis.com/v1beta1/projects/lunchinator3000/configs [none]
[debug] [2025-10-22T15:28:23.501Z] <<< [apiv2][status] GET https://runtimeconfig.googleapis.com/v1beta1/projects/lunchinator3000/configs 200
[debug] [2025-10-22T15:28:23.501Z] <<< [apiv2][body] GET https://runtimeconfig.googleapis.com/v1beta1/projects/lunchinator3000/configs {}
[debug] [2025-10-22T15:28:23.506Z] Validating nodejs source
[warn] ⚠  functions: Runtime Node.js 18 was deprecated on 2025-04-30 and will be decommissioned on 2025-10-30, after which you will not be able to deploy without upgrading. Consider upgrading now to avoid disruption. See https://cloud.google.com/functions/docs/runtime-support for full details on the lifecycle policy 
[warn] ⚠  functions: package.json indicates an outdated version of firebase-functions. Please upgrade using npm install --save firebase-functions@latest in your functions directory. 
[warn] ⚠  functions: Please note that there will be breaking changes when you upgrade. 
[debug] [2025-10-22T15:28:24.832Z] > [functions] package.json contents: {
  "name": "functions",
  "description": "Cloud Functions for Lunchinator 3000",
  "scripts": {
    "serve": "firebase emulators:start --only functions",
    "shell": "firebase functions:shell",
    "deploy": "firebase deploy --only functions",
    "logs": "firebase functions:log"
  },
  "engines": {
    "node": "18"
  },
  "main": "index.js",
  "dependencies": {
    "firebase-admin": "^11.8.0",
    "firebase-functions": "^4.3.1",
    "node-fetch": "^2.6.7"
  },
  "devDependencies": {
    "firebase-functions-test": "^3.1.0"
  },
  "private": true
}
[debug] [2025-10-22T15:28:24.832Z] Building nodejs source
[info] i  functions: Loading and analyzing source code for codebase default to determine what to deploy 
[info] i  functions: You are using a version of firebase-functions SDK (4.9.0) that does not have support for the newest Firebase Extensions features. Please update firebase-functions SDK to >=5.1.0 to use them correctly 
[debug] [2025-10-22T15:28:24.836Z] Could not find functions.yaml. Must use http discovery
[debug] [2025-10-22T15:28:24.849Z] Found firebase-functions binary at '/home/user/lunchinator3000/functions/node_modules/.bin/firebase-functions'
[info] Serving at port 8669

[debug] [2025-10-22T15:28:25.753Z] Got response from /__/functions.yaml {"endpoints":{"searchRestaurants":{"platform":"gcfv1","labels":{},"availableMemoryMb":null,"timeoutSeconds":null,"minInstances":null,"maxInstances":null,"ingressSettings":null,"serviceAccountEmail":null,"vpc":null,"callableTrigger":{},"entryPoint":"searchRestaurants"}},"specVersion":"v1alpha1","requiredAPIs":[]}
[info] i  functions: preparing functions directory for uploading... 
[info] i  functions: packaged /home/user/lunchinator3000/functions (77.46 KB) for uploading 
[debug] [2025-10-22T15:28:25.978Z] No OAuth tokens found
[debug] [2025-10-22T15:28:25.978Z] No OAuth tokens found
[debug] [2025-10-22T15:28:25.979Z] > command requires scopes: ["email","openid","https://www.googleapis.com/auth/cloudplatformprojects.readonly","https://www.googleapis.com/auth/firebase","https://www.googleapis.com/auth/cloud-platform","https://www.googleapis.com/auth/userinfo.email"]
[debug] [2025-10-22T15:28:25.984Z] > authorizing via signed-in user (drr@eganco.com)
[debug] [2025-10-22T15:28:25.984Z] >>> [apiv2][query] GET https://cloudfunctions.googleapis.com/v1/projects/lunchinator3000/locations/-/functions [none]
[debug] [2025-10-22T15:28:26.378Z] <<< [apiv2][status] GET https://cloudfunctions.googleapis.com/v1/projects/lunchinator3000/locations/-/functions 200
[debug] [2025-10-22T15:28:26.379Z] <<< [apiv2][body] GET https://cloudfunctions.googleapis.com/v1/projects/lunchinator3000/locations/-/functions {"functions":[{"name":"projects/lunchinator3000/locations/us-central1/functions/searchRestaurants","httpsTrigger":{"url":"https://us-central1-lunchinator3000.cloudfunctions.net/searchRestaurants","securityLevel":"SECURE_ALWAYS"},"status":"ACTIVE","entryPoint":"searchRestaurants","timeout":"60s","availableMemoryMb":256,"serviceAccountEmail":"lunchinator3000@appspot.gserviceaccount.com","updateTime":"2025-10-22T15:21:17.978Z","versionId":"3","labels":{"deployment-tool":"cli-firebase--project-idx","deployment-callable":"true","firebase-functions-hash":"ee5ed311c84ef424a66fcf7e953f145ebd3242a4"},"sourceUploadUrl":"https://storage.googleapis.com/uploads-134883123039.us-central1.cloudfunctions.appspot.com/68498ede-6d5c-4a87-9fc5-6d5d55eabdd1.zip","environmentVariables":{"FIREBASE_CONFIG":"{\"projectId\":\"lunchinator3000\",\"storageBucket\":\"lunchinator3000.firebasestorage.app\"}","GCLOUD_PROJECT":"lunchinator3000","EVENTARC_CLOUD_EVENT_SOURCE":"projects/lunchinator3000/locations/us-central1/functions/searchRestaurants"},"runtime":"nodejs18","ingressSettings":"ALLOW_ALL","buildId":"2c3ef30f-7ac9-461e-a9f7-ea22fd1c1f05","buildEnvironmentVariables":{"GOOGLE_NODE_RUN_SCRIPTS":""},"buildName":"projects/919461112233/locations/us-central1/builds/2c3ef30f-7ac9-461e-a9f7-ea22fd1c1f05","dockerRegistry":"ARTIFACT_REGISTRY","automaticUpdatePolicy":{},"buildServiceAccount":"projects/lunchinator3000/serviceAccounts/919461112233-compute@developer.gserviceaccount.com","satisfiesPzi":true}]}
[debug] [2025-10-22T15:28:26.382Z] No OAuth tokens found
[debug] [2025-10-22T15:28:26.382Z] No OAuth tokens found
[debug] [2025-10-22T15:28:26.382Z] > command requires scopes: ["email","openid","https://www.googleapis.com/auth/cloudplatformprojects.readonly","https://www.googleapis.com/auth/firebase","https://www.googleapis.com/auth/cloud-platform","https://www.googleapis.com/auth/userinfo.email"]
[debug] [2025-10-22T15:28:26.383Z] > authorizing via signed-in user (drr@eganco.com)
[debug] [2025-10-22T15:28:26.388Z] >>> [apiv2][query] GET https://cloudfunctions.googleapis.com/v2/projects/lunchinator3000/locations/-/functions filter=environment%3D%22GEN_2%22
[debug] [2025-10-22T15:28:26.740Z] <<< [apiv2][status] GET https://cloudfunctions.googleapis.com/v2/projects/lunchinator3000/locations/-/functions 200
[debug] [2025-10-22T15:28:26.740Z] <<< [apiv2][body] GET https://cloudfunctions.googleapis.com/v2/projects/lunchinator3000/locations/-/functions {}
[debug] [2025-10-22T15:28:26.749Z] No OAuth tokens found
[debug] [2025-10-22T15:28:26.749Z] No OAuth tokens found
[debug] [2025-10-22T15:28:26.749Z] > command requires scopes: ["email","openid","https://www.googleapis.com/auth/cloudplatformprojects.readonly","https://www.googleapis.com/auth/firebase","https://www.googleapis.com/auth/cloud-platform","https://www.googleapis.com/auth/userinfo.email"]
[debug] [2025-10-22T15:28:26.749Z] > authorizing via signed-in user (drr@eganco.com)
[debug] [2025-10-22T15:28:26.750Z] >>> [apiv2][query] GET https://cloudresourcemanager.googleapis.com/v1/projects/lunchinator3000 [none]
[debug] [2025-10-22T15:28:26.808Z] <<< [apiv2][status] GET https://cloudresourcemanager.googleapis.com/v1/projects/lunchinator3000 200
[debug] [2025-10-22T15:28:26.808Z] <<< [apiv2][body] GET https://cloudresourcemanager.googleapis.com/v1/projects/lunchinator3000 {"projectNumber":"919461112233","projectId":"lunchinator3000","lifecycleState":"ACTIVE","name":"Lunchinator3000","labels":{"firebase":"enabled","firebase-core":"disabled"},"createTime":"2025-10-22T12:24:38.986778Z","parent":{"type":"organization","id":"385468020613"}}
[debug] [2025-10-22T15:28:26.810Z] No OAuth tokens found
[debug] [2025-10-22T15:28:26.810Z] No OAuth tokens found
[debug] [2025-10-22T15:28:26.811Z] > command requires scopes: ["email","openid","https://www.googleapis.com/auth/cloudplatformprojects.readonly","https://www.googleapis.com/auth/firebase","https://www.googleapis.com/auth/cloud-platform","https://www.googleapis.com/auth/userinfo.email"]
[debug] [2025-10-22T15:28:26.811Z] > authorizing via signed-in user (drr@eganco.com)
[debug] [2025-10-22T15:28:26.811Z] >>> [apiv2][query] POST https://cloudfunctions.googleapis.com/v1/projects/lunchinator3000/locations/us-central1/functions:generateUploadUrl [none]
[debug] [2025-10-22T15:28:26.812Z] >>> [apiv2][body] POST https://cloudfunctions.googleapis.com/v1/projects/lunchinator3000/locations/us-central1/functions:generateUploadUrl {}
[debug] [2025-10-22T15:28:27.322Z] <<< [apiv2][status] POST https://cloudfunctions.googleapis.com/v1/projects/lunchinator3000/locations/us-central1/functions:generateUploadUrl 200
[debug] [2025-10-22T15:28:27.322Z] <<< [apiv2][body] POST https://cloudfunctions.googleapis.com/v1/projects/lunchinator3000/locations/us-central1/functions:generateUploadUrl {"uploadUrl":"https://storage.googleapis.com/uploads-134883123039.us-central1.cloudfunctions.appspot.com/fc83eb0e-e935-4b38-88f8-f183994b651c.zip?GoogleAccessId=service-919461112233@gcf-admin-robot.iam.gserviceaccount.com&Expires=1761148707&Signature=dHgo3zsKIFFC5IHLRo%2FQ2VOGQ6Ma%2BmuJkTe4U3rAIv9%2FH72hy8NcnIcQvF%2BFbSPCc30JBiCTcoNtLpB1OLnbYKLpwq%2F6RURev5D%2FgrxtNfE0UwtzEonklIsBsfacXoN%2BzVwycM5t435%2FoyGndYmeAfn370CKHQ%2ByBrJcYaK7We3LbbI5rR1pbxhcUWUuXrrp4S4vN86MbT4zd0Warw9rvn%2BiCCbZFqLue5J75R2KAXafzr5pn30xcv1e9hOXPyNNTC2l5f%2Ba5O5KEe3RVE2ImckQLlPYkcLGjnvRoIU3C4CJCRGxA56uF8yLGMiRnL4d3JdRn9vWvZRe6LlKeIR1zA%3D%3D"}
[debug] [2025-10-22T15:28:27.325Z] >>> [apiv2][query] PUT https://storage.googleapis.com/uploads-134883123039.us-central1.cloudfunctions.appspot.com/fc83eb0e-e935-4b38-88f8-f183994b651c.zip GoogleAccessId=service-919461112233%40gcf-admin-robot.iam.gserviceaccount.com&Expires=1761148707&Signature=dHgo3zsKIFFC5IHLRo%2FQ2VOGQ6Ma%2BmuJkTe4U3rAIv9%2FH72hy8NcnIcQvF%2BFbSPCc30JBiCTcoNtLpB1OLnbYKLpwq%2F6RURev5D%2FgrxtNfE0UwtzEonklIsBsfacXoN%2BzVwycM5t435%2FoyGndYmeAfn370CKHQ%2ByBrJcYaK7We3LbbI5rR1pbxhcUWUuXrrp4S4vN86MbT4zd0Warw9rvn%2BiCCbZFqLue5J75R2KAXafzr5pn30xcv1e9hOXPyNNTC2l5f%2Ba5O5KEe3RVE2ImckQLlPYkcLGjnvRoIU3C4CJCRGxA56uF8yLGMiRnL4d3JdRn9vWvZRe6LlKeIR1zA%3D%3D
[debug] [2025-10-22T15:28:27.325Z] >>> [apiv2][body] PUT https://storage.googleapis.com/uploads-134883123039.us-central1.cloudfunctions.appspot.com/fc83eb0e-e935-4b38-88f8-f183994b651c.zip [stream]
[debug] [2025-10-22T15:28:27.456Z] <<< [apiv2][status] PUT https://storage.googleapis.com/uploads-134883123039.us-central1.cloudfunctions.appspot.com/fc83eb0e-e935-4b38-88f8-f183994b651c.zip 200
[debug] [2025-10-22T15:28:27.457Z] <<< [apiv2][body] PUT https://storage.googleapis.com/uploads-134883123039.us-central1.cloudfunctions.appspot.com/fc83eb0e-e935-4b38-88f8-f183994b651c.zip [omitted]
[info] ✔  functions: functions source uploaded successfully 
[info] i  functions: updating Node.js 18 (1st Gen) function searchRestaurants(us-central1)... 
[debug] [2025-10-22T15:28:27.552Z] No OAuth tokens found
[debug] [2025-10-22T15:28:27.552Z] No OAuth tokens found
[debug] [2025-10-22T15:28:27.552Z] > command requires scopes: ["email","openid","https://www.googleapis.com/auth/cloudplatformprojects.readonly","https://www.googleapis.com/auth/firebase","https://www.googleapis.com/auth/cloud-platform","https://www.googleapis.com/auth/userinfo.email"]
[debug] [2025-10-22T15:28:27.552Z] > authorizing via signed-in user (drr@eganco.com)
[debug] [2025-10-22T15:28:27.555Z] >>> [apiv2][query] PATCH https://cloudfunctions.googleapis.com/v1/projects/lunchinator3000/locations/us-central1/functions/searchRestaurants updateMask=name%2CsourceUploadUrl%2CentryPoint%2Cruntime%2CdockerRegistry%2Clabels%2ChttpsTrigger.securityLevel%2CminInstances%2CmaxInstances%2CingressSettings%2CenvironmentVariables%2CserviceAccountEmail%2CavailableMemoryMb%2Ctimeout%2CvpcConnector%2CvpcConnectorEgressSettings%2CsourceToken%2CbuildEnvironmentVariables
[debug] [2025-10-22T15:28:27.555Z] >>> [apiv2][body] PATCH https://cloudfunctions.googleapis.com/v1/projects/lunchinator3000/locations/us-central1/functions/searchRestaurants {"name":"projects/lunchinator3000/locations/us-central1/functions/searchRestaurants","sourceUploadUrl":"https://storage.googleapis.com/uploads-134883123039.us-central1.cloudfunctions.appspot.com/fc83eb0e-e935-4b38-88f8-f183994b651c.zip?GoogleAccessId=service-919461112233@gcf-admin-robot.iam.gserviceaccount.com&Expires=1761148707&Signature=dHgo3zsKIFFC5IHLRo%2FQ2VOGQ6Ma%2BmuJkTe4U3rAIv9%2FH72hy8NcnIcQvF%2BFbSPCc30JBiCTcoNtLpB1OLnbYKLpwq%2F6RURev5D%2FgrxtNfE0UwtzEonklIsBsfacXoN%2BzVwycM5t435%2FoyGndYmeAfn370CKHQ%2ByBrJcYaK7We3LbbI5rR1pbxhcUWUuXrrp4S4vN86MbT4zd0Warw9rvn%2BiCCbZFqLue5J75R2KAXafzr5pn30xcv1e9hOXPyNNTC2l5f%2Ba5O5KEe3RVE2ImckQLlPYkcLGjnvRoIU3C4CJCRGxA56uF8yLGMiRnL4d3JdRn9vWvZRe6LlKeIR1zA%3D%3D","entryPoint":"searchRestaurants","runtime":"nodejs18","dockerRegistry":"ARTIFACT_REGISTRY","labels":{"deployment-tool":"cli-firebase--project-idx","deployment-callable":"true","firebase-functions-hash":"672283864c9e4f0efc4e81b708357ec989e40189"},"httpsTrigger":{"securityLevel":"SECURE_ALWAYS"},"minInstances":null,"maxInstances":null,"ingressSettings":null,"environmentVariables":{"FIREBASE_CONFIG":"{\"projectId\":\"lunchinator3000\",\"storageBucket\":\"lunchinator3000.firebasestorage.app\"}","GCLOUD_PROJECT":"lunchinator3000","EVENTARC_CLOUD_EVENT_SOURCE":"projects/lunchinator3000/locations/us-central1/functions/searchRestaurants"},"serviceAccountEmail":null,"availableMemoryMb":null,"timeout":null,"vpcConnector":null,"vpcConnectorEgressSettings":null,"buildEnvironmentVariables":{"GOOGLE_NODE_RUN_SCRIPTS":""}}
[debug] [2025-10-22T15:28:27.902Z] <<< [apiv2][status] PATCH https://cloudfunctions.googleapis.com/v1/projects/lunchinator3000/locations/us-central1/functions/searchRestaurants 200
[debug] [2025-10-22T15:28:27.903Z] <<< [apiv2][body] PATCH https://cloudfunctions.googleapis.com/v1/projects/lunchinator3000/locations/us-central1/functions/searchRestaurants {"name":"operations/bHVuY2hpbmF0b3IzMDAwL3VzLWNlbnRyYWwxL3NlYXJjaFJlc3RhdXJhbnRzLzRadUFxQXRDeWFr","metadata":{"@type":"type.googleapis.com/google.cloud.functions.v1.OperationMetadataV1","target":"projects/lunchinator3000/locations/us-central1/functions/searchRestaurants","type":"UPDATE_FUNCTION","request":{"@type":"type.googleapis.com/google.cloud.functions.v1.CloudFunction","name":"projects/lunchinator3000/locations/us-central1/functions/searchRestaurants","httpsTrigger":{"url":"https://us-central1-lunchinator3000.cloudfunctions.net/searchRestaurants","securityLevel":"SECURE_ALWAYS"},"status":"ACTIVE","entryPoint":"searchRestaurants","updateTime":"2025-10-22T15:21:17.978Z","versionId":"3","labels":{"deployment-tool":"cli-firebase--project-idx","deployment-callable":"true","firebase-functions-hash":"672283864c9e4f0efc4e81b708357ec989e40189"},"sourceUploadUrl":"https://storage.googleapis.com/uploads-134883123039.us-central1.cloudfunctions.appspot.com/fc83eb0e-e935-4b38-88f8-f183994b651c.zip?GoogleAccessId=service-919461112233@gcf-admin-robot.iam.gserviceaccount.com&Expires=1761148707&Signature=dHgo3zsKIFFC5IHLRo%2FQ2VOGQ6Ma%2BmuJkTe4U3rAIv9%2FH72hy8NcnIcQvF%2BFbSPCc30JBiCTcoNtLpB1OLnbYKLpwq%2F6RURev5D%2FgrxtNfE0UwtzEonklIsBsfacXoN%2BzVwycM5t435%2FoyGndYmeAfn370CKHQ%2ByBrJcYaK7We3LbbI5rR1pbxhcUWUuXrrp4S4vN86MbT4zd0Warw9rvn%2BiCCbZFqLue5J75R2KAXafzr5pn30xcv1e9hOXPyNNTC2l5f%2Ba5O5KEe3RVE2ImckQLlPYkcLGjnvRoIU3C4CJCRGxA56uF8yLGMiRnL4d3JdRn9vWvZRe6LlKeIR1zA%3D%3D","environmentVariables":{"FIREBASE_CONFIG":"{\"projectId\":\"lunchinator3000\",\"storageBucket\":\"lunchinator3000.firebasestorage.app\"}","GCLOUD_PROJECT":"lunchinator3000","EVENTARC_CLOUD_EVENT_SOURCE":"projects/lunchinator3000/locations/us-central1/functions/searchRestaurants"},"runtime":"nodejs18","buildId":"2c3ef30f-7ac9-461e-a9f7-ea22fd1c1f05","buildEnvironmentVariables":{"GOOGLE_NODE_RUN_SCRIPTS":""},"buildName":"projects/919461112233/locations/us-central1/builds/2c3ef30f-7ac9-461e-a9f7-ea22fd1c1f05","dockerRegistry":"ARTIFACT_REGISTRY","automaticUpdatePolicy":{},"buildServiceAccount":"projects/lunchinator3000/serviceAccounts/919461112233-compute@developer.gserviceaccount.com"},"versionId":"4","updateTime":"2025-10-22T15:28:27Z"}}
[debug] [2025-10-22T15:28:27.908Z] No OAuth tokens found
[debug] [2025-10-22T15:28:27.909Z] No OAuth tokens found
[debug] [2025-10-22T15:28:27.910Z] > command requires scopes: ["email","openid","https://www.googleapis.com/auth/cloudplatformprojects.readonly","https://www.googleapis.com/auth/firebase","https://www.googleapis.com/auth/cloud-platform","https://www.googleapis.com/auth/userinfo.email"]
[debug] [2025-10-22T15:28:27.910Z] > authorizing via signed-in user (drr@eganco.com)
[debug] [2025-10-22T15:28:27.917Z] >>> [apiv2][query] GET https://cloudfunctions.googleapis.com/v1/operations/bHVuY2hpbmF0b3IzMDAwL3VzLWNlbnRyYWwxL3NlYXJjaFJlc3RhdXJhbnRzLzRadUFxQXRDeWFr [none]
[debug] [2025-10-22T15:28:27.981Z] <<< [apiv2][status] GET https://cloudfunctions.googleapis.com/v1/operations/bHVuY2hpbmF0b3IzMDAwL3VzLWNlbnRyYWwxL3NlYXJjaFJlc3RhdXJhbnRzLzRadUFxQXRDeWFr 200
[debug] [2025-10-22T15:28:27.981Z] <<< [apiv2][body] GET https://cloudfunctions.googleapis.com/v1/operations/bHVuY2hpbmF0b3IzMDAwL3VzLWNlbnRyYWwxL3NlYXJjaFJlc3RhdXJhbnRzLzRadUFxQXRDeWFr {"name":"operations/bHVuY2hpbmF0b3IzMDAwL3VzLWNlbnRyYWwxL3NlYXJjaFJlc3RhdXJhbnRzLzRadUFxQXRDeWFr","metadata":{"@type":"type.googleapis.com/google.cloud.functions.v1.OperationMetadataV1","target":"projects/lunchinator3000/locations/us-central1/functions/searchRestaurants","type":"UPDATE_FUNCTION","request":{"@type":"type.googleapis.com/google.cloud.functions.v1.CloudFunction","name":"projects/lunchinator3000/locations/us-central1/functions/searchRestaurants","httpsTrigger":{"url":"https://us-central1-lunchinator3000.cloudfunctions.net/searchRestaurants","securityLevel":"SECURE_ALWAYS"},"status":"ACTIVE","entryPoint":"searchRestaurants","updateTime":"2025-10-22T15:21:17.978Z","versionId":"3","labels":{"deployment-tool":"cli-firebase--project-idx","deployment-callable":"true","firebase-functions-hash":"672283864c9e4f0efc4e81b708357ec989e40189"},"sourceUploadUrl":"https://storage.googleapis.com/uploads-134883123039.us-central1.cloudfunctions.appspot.com/fc83eb0e-e935-4b38-88f8-f183994b651c.zip?GoogleAccessId=service-919461112233@gcf-admin-robot.iam.gserviceaccount.com&Expires=1761148707&Signature=dHgo3zsKIFFC5IHLRo%2FQ2VOGQ6Ma%2BmuJkTe4U3rAIv9%2FH72hy8NcnIcQvF%2BFbSPCc30JBiCTcoNtLpB1OLnbYKLpwq%2F6RURev5D%2FgrxtNfE0UwtzEonklIsBsfacXoN%2BzVwycM5t435%2FoyGndYmeAfn370CKHQ%2ByBrJcYaK7We3LbbI5rR1pbxhcUWUuXrrp4S4vN86MbT4zd0Warw9rvn%2BiCCbZFqLue5J75R2KAXafzr5pn30xcv1e9hOXPyNNTC2l5f%2Ba5O5KEe3RVE2ImckQLlPYkcLGjnvRoIU3C4CJCRGxA56uF8yLGMiRnL4d3JdRn9vWvZRe6LlKeIR1zA%3D%3D","environmentVariables":{"FIREBASE_CONFIG":"{\"projectId\":\"lunchinator3000\",\"storageBucket\":\"lunchinator3000.firebasestorage.app\"}","GCLOUD_PROJECT":"lunchinator3000","EVENTARC_CLOUD_EVENT_SOURCE":"projects/lunchinator3000/locations/us-central1/functions/searchRestaurants"},"runtime":"nodejs18","buildId":"2c3ef30f-7ac9-461e-a9f7-ea22fd1c1f05","buildEnvironmentVariables":{"GOOGLE_NODE_RUN_SCRIPTS":""},"buildName":"projects/919461112233/locations/us-central1/builds/2c3ef30f-7ac9-461e-a9f7-ea22fd1c1f05","dockerRegistry":"ARTIFACT_REGISTRY","automaticUpdatePolicy":{},"buildServiceAccount":"projects/lunchinator3000/serviceAccounts/919461112233-compute@developer.gserviceaccount.com"},"versionId":"4","updateTime":"2025-10-22T15:28:27Z"}}
[debug] [2025-10-22T15:28:28.482Z] [update-default-us-central1-searchRestaurants] Retrying task index 0
[debug] [2025-10-22T15:28:28.484Z] No OAuth tokens found
[debug] [2025-10-22T15:28:28.486Z] No OAuth tokens found
[debug] [2025-10-22T15:28:28.486Z] > command requires scopes: ["email","openid","https://www.googleapis.com/auth/cloudplatformprojects.readonly","https://www.googleapis.com/auth/firebase","https://www.googleapis.com/auth/cloud-platform","https://www.googleapis.com/auth/userinfo.email"]
[debug] [2025-10-22T15:28:28.486Z] > authorizing via signed-in user (drr@eganco.com)
[debug] [2025-10-22T15:28:28.486Z] >>> [apiv2][query] GET https://cloudfunctions.googleapis.com/v1/operations/bHVuY2hpbmF0b3IzMDAwL3VzLWNlbnRyYWwxL3NlYXJjaFJlc3RhdXJhbnRzLzRadUFxQXRDeWFr [none]
[debug] [2025-10-22T15:28:28.569Z] <<< [apiv2][status] GET https://cloudfunctions.googleapis.com/v1/operations/bHVuY2hpbmF0b3IzMDAwL3VzLWNlbnRyYWwxL3NlYXJjaFJlc3RhdXJhbnRzLzRadUFxQXRDeWFr 200
[debug] [2025-10-22T15:28:28.573Z] <<< [apiv2][body] GET https://cloudfunctions.googleapis.com/v1/operations/bHVuY2hpbmF0b3IzMDAwL3VzLWNlbnRyYWwxL3NlYXJjaFJlc3RhdXJhbnRzLzRadUFxQXRDeWFr {"name":"operations/bHVuY2hpbmF0b3IzMDAwL3VzLWNlbnRyYWwxL3NlYXJjaFJlc3RhdXJhbnRzLzRadUFxQXRDeWFr","metadata":{"@type":"type.googleapis.com/google.cloud.functions.v1.OperationMetadataV1","target":"projects/lunchinator3000/locations/us-central1/functions/searchRestaurants","type":"UPDATE_FUNCTION","request":{"@type":"type.googleapis.com/google.cloud.functions.v1.CloudFunction","name":"projects/lunchinator3000/locations/us-central1/functions/searchRestaurants","httpsTrigger":{"url":"https://us-central1-lunchinator3000.cloudfunctions.net/searchRestaurants","securityLevel":"SECURE_ALWAYS"},"status":"ACTIVE","entryPoint":"searchRestaurants","updateTime":"2025-10-22T15:21:17.978Z","versionId":"3","labels":{"deployment-tool":"cli-firebase--project-idx","deployment-callable":"true","firebase-functions-hash":"672283864c9e4f0efc4e81b708357ec989e40189"},"sourceUploadUrl":"https://storage.googleapis.com/uploads-134883123039.us-central1.cloudfunctions.appspot.com/fc83eb0e-e935-4b38-88f8-f183994b651c.zip?GoogleAccessId=service-919461112233@gcf-admin-robot.iam.gserviceaccount.com&Expires=1761148707&Signature=dHgo3zsKIFFC5IHLRo%2FQ2VOGQ6Ma%2BmuJkTe4U3rAIv9%2FH72hy8NcnIcQvF%2BFbSPCc30JBiCTcoNtLpB1OLnbYKLpwq%2F6RURev5D%2FgrxtNfE0UwtzEonklIsBsfacXoN%2BzVwycM5t435%2FoyGndYmeAfn370CKHQ%2ByBrJcYaK7We3LbbI5rR1pbxhcUWUuXrrp4S4vN86MbT4zd0Warw9rvn%2BiCCbZFqLue5J75R2KAXafzr5pn30xcv1e9hOXPyNNTC2l5f%2Ba5O5KEe3RVE2ImckQLlPYkcLGjnvRoIU3C4CJCRGxA56uF8yLGMiRnL4d3JdRn9vWvZRe6LlKeIR1zA%3D%3D","environmentVariables":{"FIREBASE_CONFIG":"{\"projectId\":\"lunchinator3000\",\"storageBucket\":\"lunchinator3000.firebasestorage.app\"}","GCLOUD_PROJECT":"lunchinator3000","EVENTARC_CLOUD_EVENT_SOURCE":"projects/lunchinator3000/locations/us-central1/functions/searchRestaurants"},"runtime":"nodejs18","buildId":"2c3ef30f-7ac9-461e-a9f7-ea22fd1c1f05","buildEnvironmentVariables":{"GOOGLE_NODE_RUN_SCRIPTS":""},"buildName":"projects/919461112233/locations/us-central1/builds/2c3ef30f-7ac9-461e-a9f7-ea22fd1c1f05","dockerRegistry":"ARTIFACT_REGISTRY","automaticUpdatePolicy":{},"buildServiceAccount":"projects/lunchinator3000/serviceAccounts/919461112233-compute@developer.gserviceaccount.com"},"versionId":"4","updateTime":"2025-10-22T15:28:28Z"}}
[debug] [2025-10-22T15:28:29.575Z] [update-default-us-central1-searchRestaurants] Retrying task index 0
[debug] [2025-10-22T15:28:29.576Z] No OAuth tokens found
[debug] [2025-10-22T15:28:29.577Z] No OAuth tokens found
[debug] [2025-10-22T15:28:29.577Z] > command requires scopes: ["email","openid","https://www.googleapis.com/auth/cloudplatformprojects.readonly","https://www.googleapis.com/auth/firebase","https://www.googleapis.com/auth/cloud-platform","https://www.googleapis.com/auth/userinfo.email"]
[debug] [2025-10-22T15:28:29.580Z] > authorizing via signed-in user (drr@eganco.com)
[debug] [2025-10-22T15:28:29.580Z] >>> [apiv2][query] GET https://cloudfunctions.googleapis.com/v1/operations/bHVuY2hpbmF0b3IzMDAwL3VzLWNlbnRyYWwxL3NlYXJjaFJlc3RhdXJhbnRzLzRadUFxQXRDeWFr [none]
[debug] [2025-10-22T15:28:29.662Z] <<< [apiv2][status] GET https://cloudfunctions.googleapis.com/v1/operations/bHVuY2hpbmF0b3IzMDAwL3VzLWNlbnRyYWwxL3NlYXJjaFJlc3RhdXJhbnRzLzRadUFxQXRDeWFr 200
[debug] [2025-10-22T15:28:29.663Z] <<< [apiv2][body] GET https://cloudfunctions.googleapis.com/v1/operations/bHVuY2hpbmF0b3IzMDAwL3VzLWNlbnRyYWwxL3NlYXJjaFJlc3RhdXJhbnRzLzRadUFxQXRDeWFr {"name":"operations/bHVuY2hpbmF0b3IzMDAwL3VzLWNlbnRyYWwxL3NlYXJjaFJlc3RhdXJhbnRzLzRadUFxQXRDeWFr","metadata":{"@type":"type.googleapis.com/google.cloud.functions.v1.OperationMetadataV1","target":"projects/lunchinator3000/locations/us-central1/functions/searchRestaurants","type":"UPDATE_FUNCTION","request":{"@type":"type.googleapis.com/google.cloud.functions.v1.CloudFunction","name":"projects/lunchinator3000/locations/us-central1/functions/searchRestaurants","httpsTrigger":{"url":"https://us-central1-lunchinator3000.cloudfunctions.net/searchRestaurants","securityLevel":"SECURE_ALWAYS"},"status":"ACTIVE","entryPoint":"searchRestaurants","updateTime":"2025-10-22T15:21:17.978Z","versionId":"3","labels":{"deployment-tool":"cli-firebase--project-idx","deployment-callable":"true","firebase-functions-hash":"672283864c9e4f0efc4e81b708357ec989e40189"},"sourceUploadUrl":"https://storage.googleapis.com/uploads-134883123039.us-central1.cloudfunctions.appspot.com/fc83eb0e-e935-4b38-88f8-f183994b651c.zip?GoogleAccessId=service-919461112233@gcf-admin-robot.iam.gserviceaccount.com&Expires=1761148707&Signature=dHgo3zsKIFFC5IHLRo%2FQ2VOGQ6Ma%2BmuJkTe4U3rAIv9%2FH72hy8NcnIcQvF%2BFbSPCc30JBiCTcoNtLpB1OLnbYKLpwq%2F6RURev5D%2FgrxtNfE0UwtzEonklIsBsfacXoN%2BzVwycM5t435%2FoyGndYmeAfn370CKHQ%2ByBrJcYaK7We3LbbI5rR1pbxhcUWUuXrrp4S4vN86MbT4zd0Warw9rvn%2BiCCbZFqLue5J75R2KAXafzr5pn30xcv1e9hOXPyNNTC2l5f%2Ba5O5KEe3RVE2ImckQLlPYkcLGjnvRoIU3C4CJCRGxA56uF8yLGMiRnL4d3JdRn9vWvZRe6LlKeIR1zA%3D%3D","environmentVariables":{"FIREBASE_CONFIG":"{\"projectId\":\"lunchinator3000\",\"storageBucket\":\"lunchinator3000.firebasestorage.app\"}","GCLOUD_PROJECT":"lunchinator3000","EVENTARC_CLOUD_EVENT_SOURCE":"projects/lunchinator3000/locations/us-central1/functions/searchRestaurants"},"runtime":"nodejs18","buildId":"2c3ef30f-7ac9-461e-a9f7-ea22fd1c1f05","buildEnvironmentVariables":{"GOOGLE_NODE_RUN_SCRIPTS":""},"buildName":"projects/919461112233/locations/us-central1/builds/2c3ef30f-7ac9-461e-a9f7-ea22fd1c1f05","dockerRegistry":"ARTIFACT_REGISTRY","automaticUpdatePolicy":{},"buildServiceAccount":"projects/lunchinator3000/serviceAccounts/919461112233-compute@developer.gserviceaccount.com"},"versionId":"4","updateTime":"2025-10-22T15:28:28Z","buildId":"6ce399a9-3dee-4d45-94ac-90cbba2a03e4","buildName":"projects/919461112233/locations/us-central1/builds/6ce399a9-3dee-4d45-94ac-90cbba2a03e4"}}
[debug] [2025-10-22T15:28:31.664Z] [update-default-us-central1-searchRestaurants] Retrying task index 0
[debug] [2025-10-22T15:28:31.665Z] No OAuth tokens found
[debug] [2025-10-22T15:28:31.666Z] No OAuth tokens found
[debug] [2025-10-22T15:28:31.667Z] > command requires scopes: ["email","openid","https://www.googleapis.com/auth/cloudplatformprojects.readonly","https://www.googleapis.com/auth/firebase","https://www.googleapis.com/auth/cloud-platform","https://www.googleapis.com/auth/userinfo.email"]
[debug] [2025-10-22T15:28:31.667Z] > authorizing via signed-in user (drr@eganco.com)
[debug] [2025-10-22T15:28:31.669Z] >>> [apiv2][query] GET https://cloudfunctions.googleapis.com/v1/operations/bHVuY2hpbmF0b3IzMDAwL3VzLWNlbnRyYWwxL3NlYXJjaFJlc3RhdXJhbnRzLzRadUFxQXRDeWFr [none]
[debug] [2025-10-22T15:28:31.718Z] <<< [apiv2][status] GET https://cloudfunctions.googleapis.com/v1/operations/bHVuY2hpbmF0b3IzMDAwL3VzLWNlbnRyYWwxL3NlYXJjaFJlc3RhdXJhbnRzLzRadUFxQXRDeWFr 200
[debug] [2025-10-22T15:28:31.719Z] <<< [apiv2][body] GET https://cloudfunctions.googleapis.com/v1/operations/bHVuY2hpbmF0b3IzMDAwL3VzLWNlbnRyYWwxL3NlYXJjaFJlc3RhdXJhbnRzLzRadUFxQXRDeWFr {"name":"operations/bHVuY2hpbmF0b3IzMDAwL3VzLWNlbnRyYWwxL3NlYXJjaFJlc3RhdXJhbnRzLzRadUFxQXRDeWFr","metadata":{"@type":"type.googleapis.com/google.cloud.functions.v1.OperationMetadataV1","target":"projects/lunchinator3000/locations/us-central1/functions/searchRestaurants","type":"UPDATE_FUNCTION","request":{"@type":"type.googleapis.com/google.cloud.functions.v1.CloudFunction","name":"projects/lunchinator3000/locations/us-central1/functions/searchRestaurants","httpsTrigger":{"url":"https://us-central1-lunchinator3000.cloudfunctions.net/searchRestaurants","securityLevel":"SECURE_ALWAYS"},"status":"ACTIVE","entryPoint":"searchRestaurants","updateTime":"2025-10-22T15:21:17.978Z","versionId":"3","labels":{"deployment-tool":"cli-firebase--project-idx","deployment-callable":"true","firebase-functions-hash":"672283864c9e4f0efc4e81b708357ec989e40189"},"sourceUploadUrl":"https://storage.googleapis.com/uploads-134883123039.us-central1.cloudfunctions.appspot.com/fc83eb0e-e935-4b38-88f8-f183994b651c.zip?GoogleAccessId=service-919461112233@gcf-admin-robot.iam.gserviceaccount.com&Expires=1761148707&Signature=dHgo3zsKIFFC5IHLRo%2FQ2VOGQ6Ma%2BmuJkTe4U3rAIv9%2FH72hy8NcnIcQvF%2BFbSPCc30JBiCTcoNtLpB1OLnbYKLpwq%2F6RURev5D%2FgrxtNfE0UwtzEonklIsBsfacXoN%2BzVwycM5t435%2FoyGndYmeAfn370CKHQ%2ByBrJcYaK7We3LbbI5rR1pbxhcUWUuXrrp4S4vN86MbT4zd0Warw9rvn%2BiCCbZFqLue5J75R2KAXafzr5pn30xcv1e9hOXPyNNTC2l5f%2Ba5O5KEe3RVE2ImckQLlPYkcLGjnvRoIU3C4CJCRGxA56uF8yLGMiRnL4d3JdRn9vWvZRe6LlKeIR1zA%3D%3D","environmentVariables":{"FIREBASE_CONFIG":"{\"projectId\":\"lunchinator3000\",\"storageBucket\":\"lunchinator3000.firebasestorage.app\"}","GCLOUD_PROJECT":"lunchinator3000","EVENTARC_CLOUD_EVENT_SOURCE":"projects/lunchinator3000/locations/us-central1/functions/searchRestaurants"},"runtime":"nodejs18","buildId":"2c3ef30f-7ac9-461e-a9f7-ea22fd1c1f05","buildEnvironmentVariables":{"GOOGLE_NODE_RUN_SCRIPTS":""},"buildName":"projects/919461112233/locations/us-central1/builds/2c3ef30f-7ac9-461e-a9f7-ea22fd1c1f05","dockerRegistry":"ARTIFACT_REGISTRY","automaticUpdatePolicy":{},"buildServiceAccount":"projects/lunchinator3000/serviceAccounts/919461112233-compute@developer.gserviceaccount.com"},"versionId":"4","updateTime":"2025-10-22T15:28:28Z","buildId":"6ce399a9-3dee-4d45-94ac-90cbba2a03e4","buildName":"projects/919461112233/locations/us-central1/builds/6ce399a9-3dee-4d45-94ac-90cbba2a03e4"}}
